2022-06-19 12:18:01,424 [Worker-7: Loading available Gradle versions] INFO  o.e.b.c.i.u.g.PublishedGradleVersions - Gradle version information cache is up-to-date. Trying to read.
2022-06-19 19:14:19,168 [Worker-4: Loading available Gradle versions] INFO  o.e.b.c.i.u.g.PublishedGradleVersions - Gradle version information cache is up-to-date. Trying to read.
2022-06-19 19:38:40,323 [Worker-1: Loading available Gradle versions] INFO  o.e.b.c.i.u.g.PublishedGradleVersions - Gradle version information cache is up-to-date. Trying to read.
2022-06-20 09:50:54,476 [Worker-7: Loading available Gradle versions] INFO  o.e.b.c.i.u.g.PublishedGradleVersions - Gradle version information cache is up-to-date. Trying to read.
2022-06-20 10:15:26,882 [Worker-7: Loading available Gradle versions] INFO  o.e.b.c.i.u.g.PublishedGradleVersions - Gradle version information cache is up-to-date. Trying to read.
2022-06-20 11:07:28,481 [Worker-7: Loading available Gradle versions] INFO  o.e.b.c.i.u.g.PublishedGradleVersions - Gradle version information cache is out-of-date. Trying to update.
2022-06-20 11:07:31,719 [Worker-7: Loading available Gradle versions] INFO  o.e.b.c.i.u.g.PublishedGradleVersions - Updating Gradle version information cache failed. Using outdated cache.
2022-06-20 22:27:49,084 [Worker-3: Loading available Gradle versions] INFO  o.e.b.c.i.u.g.PublishedGradleVersions - Gradle version information cache is out-of-date. Trying to update.
2022-06-21 20:10:24,716 [Worker-0: Loading available Gradle versions] INFO  o.e.b.c.i.u.g.PublishedGradleVersions - Gradle version information cache is up-to-date. Trying to read.
2022-06-21 21:17:21,908 [Worker-2: Loading available Gradle versions] INFO  o.e.b.c.i.u.g.PublishedGradleVersions - Gradle version information cache is up-to-date. Trying to read.
2022-06-21 22:54:59,361 [main] INFO  org.eclipse.jetty.server.Server - jetty-10.0.9; built: 2022-03-30T16:46:32.527Z; git: a9eaf8d5d73369acf610ce88f850c0d56c4b1113; jvm 17.0.2+8-LTS-86
2022-06-21 22:54:59,625 [main] INFO  o.e.j.s.s.DefaultSessionIdManager - Session workerName=node0
2022-06-21 22:54:59,831 [main] INFO  o.e.j.server.handler.ContextHandler - Started o.e.j.s.ServletContextHandler@55107ce0{/wse,null,AVAILABLE}
2022-06-21 22:55:00,189 [main] INFO  o.e.jetty.server.AbstractConnector - Started ServerConnector@68abb856{HTTP/1.1, (http/1.1)}{0.0.0.0:52635}
2022-06-21 22:55:00,193 [main] INFO  org.eclipse.jetty.server.Server - Started Server@40eef0ee{STARTING}[10.0.9,sto=0] @5887423ms
2022-06-21 23:24:13,738 [Framework stop - Equinox Container: 5c647fc3-0589-4693-b272-5b78716fd4e3] INFO  org.eclipse.jetty.server.Server - Stopped Server@40eef0ee{STOPPING}[10.0.9,sto=0]
2022-06-21 23:24:13,743 [Framework stop - Equinox Container: 5c647fc3-0589-4693-b272-5b78716fd4e3] INFO  o.e.jetty.server.AbstractConnector - Stopped ServerConnector@68abb856{HTTP/1.1, (http/1.1)}{0.0.0.0:0}
2022-06-21 23:24:13,777 [Framework stop - Equinox Container: 5c647fc3-0589-4693-b272-5b78716fd4e3] INFO  o.e.j.server.handler.ContextHandler - Stopped o.e.j.s.ServletContextHandler@55107ce0{/wse,null,STOPPED}
2022-06-22 08:29:17,112 [Worker-0: Loading available Gradle versions] INFO  o.e.b.c.i.u.g.PublishedGradleVersions - Gradle version information cache is out-of-date. Trying to update.
2022-06-22 08:29:21,216 [Worker-0: Loading available Gradle versions] INFO  o.e.b.c.i.u.g.PublishedGradleVersions - Updating Gradle version information cache failed. Using outdated cache.
2022-06-23 15:28:42,874 [Worker-9: Loading available Gradle versions] INFO  o.e.b.c.i.u.g.PublishedGradleVersions - Gradle version information cache is out-of-date. Trying to update.
2022-06-23 16:12:54,472 [Worker-7: Loading available Gradle versions] INFO  o.e.b.c.i.u.g.PublishedGradleVersions - Gradle version information cache is up-to-date. Trying to read.
